<?xml version="1.0" encoding="UTF-8"?>
<!-- Generated by org.testng.reporters.JUnitXMLReporter -->
<testsuite ignored="0" hostname="LAPTOP-QKG1TJDR" failures="0" tests="4" name="Default test" time="8.437" errors="0" timestamp="2024-07-19T22:31:15 IST">
  <testcase classname="api.Testcases.UserTest" name="testCreateUser" time="3.402"/>
  <testcase classname="api.Testcases.UserTest" name="testGetUserData" time="1.184"/>
  <testcase classname="api.Testcases.UserTest" name="testUpdateUser" time="2.347"/>
  <testcase classname="api.Testcases.UserTest" name="testDeleteUser" time="1.239"/>
</testsuite> <!-- Default test -->
