<?xml version="1.0" encoding="UTF-8"?>
<testng-results ignored="0" total="4" passed="4" failed="0" skipped="0">
  <reporter-output>
  </reporter-output>
  <suite started-at="2024-07-19T22:31:06 IST" name="Default suite" finished-at="2024-07-19T22:31:15 IST" duration-ms="8437">
    <groups>
    </groups>
    <test started-at="2024-07-19T22:31:06 IST" name="Default test" finished-at="2024-07-19T22:31:15 IST" duration-ms="8437">
      <class name="api.Testcases.UserTest">
        <test-method is-config="true" signature="generateTestData()[pri:0, instance:api.Testcases.UserTest@196a42c3]" started-at="2024-07-19T22:31:06 IST" name="generateTestData" finished-at="2024-07-19T22:31:06 IST" duration-ms="188" status="PASS">
          <reporter-output>
          </reporter-output>
        </test-method> <!-- generateTestData -->
        <test-method signature="testCreateUser()[pri:1, instance:api.Testcases.UserTest@196a42c3]" started-at="2024-07-19T22:31:06 IST" name="testCreateUser" finished-at="2024-07-19T22:31:10 IST" duration-ms="3402" status="PASS">
          <reporter-output>
          </reporter-output>
        </test-method> <!-- testCreateUser -->
        <test-method signature="testGetUserData()[pri:2, instance:api.Testcases.UserTest@196a42c3]" started-at="2024-07-19T22:31:10 IST" name="testGetUserData" finished-at="2024-07-19T22:31:11 IST" duration-ms="1184" status="PASS">
          <reporter-output>
          </reporter-output>
        </test-method> <!-- testGetUserData -->
        <test-method signature="testUpdateUser()[pri:3, instance:api.Testcases.UserTest@196a42c3]" started-at="2024-07-19T22:31:11 IST" name="testUpdateUser" finished-at="2024-07-19T22:31:13 IST" duration-ms="2347" status="PASS">
          <reporter-output>
          </reporter-output>
        </test-method> <!-- testUpdateUser -->
        <test-method signature="testDeleteUser()[pri:4, instance:api.Testcases.UserTest@196a42c3]" started-at="2024-07-19T22:31:13 IST" name="testDeleteUser" finished-at="2024-07-19T22:31:15 IST" duration-ms="1239" status="PASS">
          <reporter-output>
          </reporter-output>
        </test-method> <!-- testDeleteUser -->
      </class> <!-- api.Testcases.UserTest -->
    </test> <!-- Default test -->
  </suite> <!-- Default suite -->
</testng-results>
